{
  "numTotalTestSuites": 67,
  "numPassedTestSuites": 65,
  "numFailedTestSuites": 2,
  "numPendingTestSuites": 0,
  "numTotalTests": 158,
  "numPassedTests": 157,
  "numFailedTests": 1,
  "numPendingTests": 0,
  "numTodoTests": 0,
  "snapshot": {
    "added": 0,
    "failure": false,
    "filesAdded": 0,
    "filesRemoved": 0,
    "filesRemovedList": [],
    "filesUnmatched": 0,
    "filesUpdated": 0,
    "matched": 0,
    "total": 0,
    "unchecked": 0,
    "uncheckedKeysByFile": [],
    "unmatched": 0,
    "updated": 0,
    "didUpdate": false
  },
  "startTime": 1786470218718,
  "success": false,
  "testResults": [
    {
      "assertionResults": [
        {
          "ancestorTitles": ["App Pages"],
          "fullName": "App Pages debe renderizar la Landing Page en español e inyectar el script JSON-LD de datos estructurados",
          "status": "passed",
          "title": "debe renderizar la Landing Page en español e inyectar el script JSON-LD de datos estructurados",
          "duration": 67.17619999999988,
          "failureMessages": [],
          "meta": {},
          "tags": []
        },
        {
          "ancestorTitles": ["App Pages"],
          "fullName": "App Pages debe renderizar la Landing Page en inglés e inyectar su script JSON-LD",
          "status": "passed",
          "title": "debe renderizar la Landing Page en inglés e inyectar su script JSON-LD",
          "duration": 59.20479999999998,
          "failureMessages": [],
          "meta": {},
          "tags": []
        },
        {
          "ancestorTitles": ["App Pages"],
          "fullName": "App Pages debe renderizar las páginas legales en español e inglés",
          "status": "passed",
          "title": "debe renderizar las páginas legales en español e inglés",
          "duration": 359.3635999999997,
          "failureMessages": [],
          "meta": {},
          "tags": []
        }
      ],
      "startTime": 1786470239205,
      "endTime": 1786470239690.3635,
      "status": "passed",
      "message": "",
      "name": "C:/Users/felip/OneDrive/Documentos/felipe/03_Desarrollo_Web/dreamtek.tech/src/__tests__/app/Pages.test.tsx"
    },
    {
      "assertionResults": [
        {
          "ancestorTitles": ["FC 001m Client Auth Library Suite"],
          "fullName": "FC 001m Client Auth Library Suite registerUser debe realizar fetch POST exitoso y capturar errores HTTP",
          "status": "passed",
          "title": "registerUser debe realizar fetch POST exitoso y capturar errores HTTP",
          "duration": 7.153099999999995,
          "failureMessages": [],
          "meta": {},
          "tags": []
        },
        {
          "ancestorTitles": ["FC 001m Client Auth Library Suite"],
          "fullName": "FC 001m Client Auth Library Suite loginUser debe realizar fetch POST exitoso y procesar errores de credenciales",
          "status": "passed",
          "title": "loginUser debe realizar fetch POST exitoso y procesar errores de credenciales",
          "duration": 0.7685999999998785,
          "failureMessages": [],
          "meta": {},
          "tags": []
        },
        {
          "ancestorTitles": ["FC 001m Client Auth Library Suite"],
          "fullName": "FC 001m Client Auth Library Suite logoutUser debe enviar POST y manejar respuestas exitosas y de error",
          "status": "passed",
          "title": "logoutUser debe enviar POST y manejar respuestas exitosas y de error",
          "duration": 0.7342000000001008,
          "failureMessages": [],
          "meta": {},
          "tags": []
        },
        {
          "ancestorTitles": ["FC 001m Client Auth Library Suite"],
          "fullName": "FC 001m Client Auth Library Suite getCurrentUser debe enviar GET /me y manejar sesión no autenticada",
          "status": "passed",
          "title": "getCurrentUser debe enviar GET /me y manejar sesión no autenticada",
          "duration": 0.7947000000001481,
          "failureMessages": [],
          "meta": {},
          "tags": []
        },
        {
          "ancestorTitles": ["FC 001m Client Auth Library Suite"],
          "fullName": "FC 001m Client Auth Library Suite loginUser debe usar el texto de error por defecto cuando la respuesta no contiene campo error",
          "status": "passed",
          "title": "loginUser debe usar el texto de error por defecto cuando la respuesta no contiene campo error",
          "duration": 0.5101999999999407,
          "failureMessages": [],
          "meta": {},
          "tags": []
        }
      ],
      "startTime": 1786470300785,
      "endTime": 1786470300795.5103,
      "status": "passed",
      "message": "",
      "name": "C:/Users/felip/OneDrive/Documentos/felipe/03_Desarrollo_Web/dreamtek.tech/src/__tests__/auth/auth.test.ts"
    },
    {
      "assertionResults": [
        {
          "ancestorTitles": ["AuthModal Component"],
          "fullName": "AuthModal Component debe renderizar el modal de autenticación cuando isOpen es true",
          "status": "passed",
          "title": "debe renderizar el modal de autenticación cuando isOpen es true",
          "duration": 508.77599999999984,
          "failureMessages": [],
          "meta": {},
          "tags": []
        },
        {
          "ancestorTitles": ["AuthModal Component"],
          "fullName": "AuthModal Component debe alternar entre la pestaña de Iniciar Sesión y Crear Cuenta",
          "status": "passed",
          "title": "debe alternar entre la pestaña de Iniciar Sesión y Crear Cuenta",
          "duration": 92.56840000000011,
          "failureMessages": [],
          "meta": {},
          "tags": []
        },
        {
          "ancestorTitles": ["AuthModal Component"],
          "fullName": "AuthModal Component debe validar la coincidencia de contraseñas en modo registro",
          "status": "passed",
          "title": "debe validar la coincidencia de contraseñas en modo registro",
          "duration": 88.70899999999983,
          "failureMessages": [],
          "meta": {},
          "tags": []
        },
        {
          "ancestorTitles": ["AuthModal Component"],
          "fullName": "AuthModal Component debe llamar a onClose cuando se hace clic en el botón de cerrar",
          "status": "passed",
          "title": "debe llamar a onClose cuando se hace clic en el botón de cerrar",
          "duration": 14.811200000000099,
          "failureMessages": [],
          "meta": {},
          "tags": []
        },
        {
          "ancestorTitles": ["AuthModal Component"],
          "fullName": "AuthModal Component debe soportar la internacionalización en inglés",
          "status": "passed",
          "title": "debe soportar la internacionalización en inglés",
          "duration": 71.2498999999998,
          "failureMessages": [],
          "meta": {},
          "tags": []
        }
      ],
      "startTime": 1786470249068,
      "endTime": 1786470249844.25,
      "status": "passed",
      "message": "",
      "name": "C:/Users/felip/OneDrive/Documentos/felipe/03_Desarrollo_Web/dreamtek.tech/src/__tests__/auth/AuthModal.test.tsx"
    },
    {
      "assertionResults": [
        {
          "ancestorTitles": ["FC 001m Portal Authentication & RBAC Suite"],
          "fullName": "FC 001m Portal Authentication & RBAC Suite debe denegar el acceso (401) si no se proporciona token de sesión o cookie",
          "status": "passed",
          "title": "debe denegar el acceso (401) si no se proporciona token de sesión o cookie",
          "duration": 26.489600000000337,
          "failureMessages": [],
          "meta": {},
          "tags": []
        },
        {
          "ancestorTitles": ["FC 001m Portal Authentication & RBAC Suite"],
          "fullName": "FC 001m Portal Authentication & RBAC Suite debe denegar el acceso (401) si el token JWT es inválido o alterado",
          "status": "passed",
          "title": "debe denegar el acceso (401) si el token JWT es inválido o alterado",
          "duration": 4.490899999999783,
          "failureMessages": [],
          "meta": {},
          "tags": []
        },
        {
          "ancestorTitles": ["FC 001m Portal Authentication & RBAC Suite"],
          "fullName": "FC 001m Portal Authentication & RBAC Suite debe denegar el acceso (403) si el rol del usuario no tiene permisos para el endpoint",
          "status": "passed",
          "title": "debe denegar el acceso (403) si el rol del usuario no tiene permisos para el endpoint",
          "duration": 8.294600000000173,
          "failureMessages": [],
          "meta": {},
          "tags": []
        },
        {
          "ancestorTitles": ["FC 001m Portal Authentication & RBAC Suite"],
          "fullName": "FC 001m Portal Authentication & RBAC Suite debe otorgar acceso (200) cuando el token y el rol coinciden correctamente",
          "status": "passed",
          "title": "debe otorgar acceso (200) cuando el token y el rol coinciden correctamente",
          "duration": 5.137299999999868,
          "failureMessages": [],
          "meta": {},
          "tags": []
        },
        {
          "ancestorTitles": ["FC 001m Portal Authentication & RBAC Suite"],
          "fullName": "FC 001m Portal Authentication & RBAC Suite debe manejar fallback de id y rol cuando no se especifican explícitamente en el payload JWT",
          "status": "passed",
          "title": "debe manejar fallback de id y rol cuando no se especifican explícitamente en el payload JWT",
          "duration": 5.145999999999731,
          "failureMessages": [],
          "meta": {},
          "tags": []
        },
        {
          "ancestorTitles": ["FC 001m Portal Authentication & RBAC Suite"],
          "fullName": "FC 001m Portal Authentication & RBAC Suite debe fallar la autenticación en producción si falta JWT_SECRET",
          "status": "passed",
          "title": "debe fallar la autenticación en producción si falta JWT_SECRET",
          "duration": 4.39429999999993,
          "failureMessages": [],
          "meta": {},
          "tags": []
        },
        {
          "ancestorTitles": ["FC 001m Portal Authentication & RBAC Suite"],
          "fullName": "FC 001m Portal Authentication & RBAC Suite requireRole middleware debe retornar HTTP 401 si req.user no existe",
          "status": "passed",
          "title": "requireRole middleware debe retornar HTTP 401 si req.user no existe",
          "duration": 0.34999999999990905,
          "failureMessages": [],
          "meta": {},
          "tags": []
        },
        {
          "ancestorTitles": ["FC 001m Portal Authentication & RBAC Suite"],
          "fullName": "FC 001m Portal Authentication & RBAC Suite requireAuth middleware debe asignar userId = 0 si no existe uid, userId ni id en el token",
          "status": "passed",
          "title": "requireAuth middleware debe asignar userId = 0 si no existe uid, userId ni id en el token",
          "duration": 4.473399999999856,
          "failureMessages": [],
          "meta": {},
          "tags": []
        }
      ],
      "startTime": 1786470281156,
      "endTime": 1786470281214.4734,
      "status": "passed",
      "message": "",
      "name": "C:/Users/felip/OneDrive/Documentos/felipe/03_Desarrollo_Web/dreamtek.tech/src/__tests__/auth/portalAuth.test.ts"
    },
    {
      "assertionResults": [
        {
          "ancestorTitles": ["FC 001l Multi-Tier Caching & Fail-Open Resilience Suite"],
          "fullName": "FC 001l Multi-Tier Caching & Fail-Open Resilience Suite initRedisFromEnv debe inicializar Redis, ejecutar listeners connect/error y capturar excepciones de constructor",
          "status": "passed",
          "title": "initRedisFromEnv debe inicializar Redis, ejecutar listeners connect/error y capturar excepciones de constructor",
          "duration": 8.379300000000057,
          "failureMessages": [],
          "meta": {},
          "tags": []
        },
        {
          "ancestorTitles": ["FC 001l Multi-Tier Caching & Fail-Open Resilience Suite"],
          "fullName": "FC 001l Multi-Tier Caching & Fail-Open Resilience Suite evictL1IfNeeded debe limpiar llaves expiradas en L1 al insertar nuevos elementos",
          "status": "passed",
          "title": "evictL1IfNeeded debe limpiar llaves expiradas en L1 al insertar nuevos elementos",
          "duration": 63.41620000000012,
          "failureMessages": [],
          "meta": {},
          "tags": []
        },
        {
          "ancestorTitles": ["FC 001l Multi-Tier Caching & Fail-Open Resilience Suite"],
          "fullName": "FC 001l Multi-Tier Caching & Fail-Open Resilience Suite debe almacenar y recuperar valores del caché L1 en memoria (Hits & Misses)",
          "status": "passed",
          "title": "debe almacenar y recuperar valores del caché L1 en memoria (Hits & Misses)",
          "duration": 0.7687000000000808,
          "failureMessages": [],
          "meta": {},
          "tags": []
        },
        {
          "ancestorTitles": ["FC 001l Multi-Tier Caching & Fail-Open Resilience Suite"],
          "fullName": "FC 001l Multi-Tier Caching & Fail-Open Resilience Suite debe expirar llaves cuyo TTL ha sido superado y limpiarlas de L1",
          "status": "passed",
          "title": "debe expirar llaves cuyo TTL ha sido superado y limpiarlas de L1",
          "duration": 14.67450000000008,
          "failureMessages": [],
          "meta": {},
          "tags": []
        },
        {
          "ancestorTitles": ["FC 001l Multi-Tier Caching & Fail-Open Resilience Suite"],
          "fullName": "FC 001l Multi-Tier Caching & Fail-Open Resilience Suite debe invalidar llaves coincidentes con el patrón de invalidación (Condition C-L2)",
          "status": "passed",
          "title": "debe invalidar llaves coincidentes con el patrón de invalidación (Condition C-L2)",
          "duration": 1.242200000000139,
          "failureMessages": [],
          "meta": {},
          "tags": []
        },
        {
          "ancestorTitles": ["FC 001l Multi-Tier Caching & Fail-Open Resilience Suite"],
          "fullName": "FC 001l Multi-Tier Caching & Fail-Open Resilience Suite debe aplicar la política de desalojo LRU al superar las 500 entradas en L1 (Condition C-L3)",
          "status": "passed",
          "title": "debe aplicar la política de desalojo LRU al superar las 500 entradas en L1 (Condition C-L3)",
          "duration": 22.803100000000086,
          "failureMessages": [],
          "meta": {},
          "tags": []
        },
        {
          "ancestorTitles": ["FC 001l Multi-Tier Caching & Fail-Open Resilience Suite"],
          "fullName": "FC 001l Multi-Tier Caching & Fail-Open Resilience Suite debe degradar silenciosamente a Fail-Open sin arrojar excepciones cuando Redis no está conectado",
          "status": "passed",
          "title": "debe degradar silenciosamente a Fail-Open sin arrojar excepciones cuando Redis no está conectado",
          "duration": 1.524000000000342,
          "failureMessages": [],
          "meta": {},
          "tags": []
        },
        {
          "ancestorTitles": ["FC 001l Multi-Tier Caching & Fail-Open Resilience Suite"],
          "fullName": "FC 001l Multi-Tier Caching & Fail-Open Resilience Suite debe interactuar con la capa L2 Redis cuando está conectada",
          "status": "passed",
          "title": "debe interactuar con la capa L2 Redis cuando está conectada",
          "duration": 9.245800000000145,
          "failureMessages": [],
          "meta": {},
          "tags": []
        }
      ],
      "startTime": 1786470272460,
      "endTime": 1786470272582.2458,
      "status": "passed",
      "message": "",
      "name": "C:/Users/felip/OneDrive/Documentos/felipe/03_Desarrollo_Web/dreamtek.tech/src/__tests__/cache/cache.test.ts"
    },
    {
      "assertionResults": [
        {
          "ancestorTitles": ["FC 001i OpenAPI & Zod Boundary Validation Suite"],
          "fullName": "FC 001i OpenAPI & Zod Boundary Validation Suite deben existir los archivos de esquemas Zod en server/src/schemas/",
          "status": "passed",
          "title": "deben existir los archivos de esquemas Zod en server/src/schemas/",
          "duration": 3.8304000000002816,
          "failureMessages": [],
          "meta": {},
          "tags": []
        },
        {
          "ancestorTitles": ["FC 001i OpenAPI & Zod Boundary Validation Suite"],
          "fullName": "FC 001i OpenAPI & Zod Boundary Validation Suite debe existir la especificación OpenAPI 3.1 en server/src/docs/openapi.json",
          "status": "passed",
          "title": "debe existir la especificación OpenAPI 3.1 en server/src/docs/openapi.json",
          "duration": 1.1849999999999454,
          "failureMessages": [],
          "meta": {},
          "tags": []
        },
        {
          "ancestorTitles": ["FC 001i OpenAPI & Zod Boundary Validation Suite"],
          "fullName": "FC 001i OpenAPI & Zod Boundary Validation Suite loginSchema debe rechazar emails inválidos y contraseñas de menos de 8 caracteres",
          "status": "passed",
          "title": "loginSchema debe rechazar emails inválidos y contraseñas de menos de 8 caracteres",
          "duration": 3.763800000000174,
          "failureMessages": [],
          "meta": {},
          "tags": []
        },
        {
          "ancestorTitles": ["FC 001i OpenAPI & Zod Boundary Validation Suite"],
          "fullName": "FC 001i OpenAPI & Zod Boundary Validation Suite registerSchema debe validar nombre, email y contraseña mínima de 8 caracteres",
          "status": "passed",
          "title": "registerSchema debe validar nombre, email y contraseña mínima de 8 caracteres",
          "duration": 1.2090000000002874,
          "failureMessages": [],
          "meta": {},
          "tags": []
        },
        {
          "ancestorTitles": ["FC 001i OpenAPI & Zod Boundary Validation Suite"],
          "fullName": "FC 001i OpenAPI & Zod Boundary Validation Suite contactFormSchema y sendCodeSchema deben rechazar campos faltantes o malformados",
          "status": "passed",
          "title": "contactFormSchema y sendCodeSchema deben rechazar campos faltantes o malformados",
          "duration": 1.4646999999999935,
          "failureMessages": [],
          "meta": {},
          "tags": []
        },
        {
          "ancestorTitles": ["FC 001i OpenAPI & Zod Boundary Validation Suite"],
          "fullName": "FC 001i OpenAPI & Zod Boundary Validation Suite leadSchema y domainCheckSchema deben validar nombres FQDN de dominio y prospectos",
          "status": "passed",
          "title": "leadSchema y domainCheckSchema deben validar nombres FQDN de dominio y prospectos",
          "duration": 1.4903999999996813,
          "failureMessages": [],
          "meta": {},
          "tags": []
        },
        {
          "ancestorTitles": ["FC 001i OpenAPI & Zod Boundary Validation Suite"],
          "fullName": "FC 001i OpenAPI & Zod Boundary Validation Suite checkoutSessionSchema debe validar el ciclo de facturación",
          "status": "passed",
          "title": "checkoutSessionSchema debe validar el ciclo de facturación",
          "duration": 1.294300000000021,
          "failureMessages": [],
          "meta": {},
          "tags": []
        }
      ],
      "startTime": 1786470296618,
      "endTime": 1786470296632.2942,
      "status": "passed",
      "message": "",
      "name": "C:/Users/felip/OneDrive/Documentos/felipe/03_Desarrollo_Web/dreamtek.tech/src/__tests__/contracts/contracts.test.ts"
    },
    {
      "assertionResults": [
        {
          "ancestorTitles": ["MariaDB Schema & Host Model Verification (FC 001a & ADR 005)"],
          "fullName": "MariaDB Schema & Host Model Verification (FC 001a & ADR 005) debe existir el archivo DDL de migración inicial y contener la estructura de 5 tablas relacionales con FK RESTRICT/CASCADE",
          "status": "passed",
          "title": "debe existir el archivo DDL de migración inicial y contener la estructura de 5 tablas relacionales con FK RESTRICT/CASCADE",
          "duration": 4.046499999999924,
          "failureMessages": [],
          "meta": {},
          "tags": []
        },
        {
          "ancestorTitles": ["MariaDB Schema & Host Model Verification (FC 001a & ADR 005)"],
          "fullName": "MariaDB Schema & Host Model Verification (FC 001a & ADR 005) debe existir el módulo de conexión MariaDB/MySQL server/src/db.ts con soporte para pool de conexiones",
          "status": "passed",
          "title": "debe existir el módulo de conexión MariaDB/MySQL server/src/db.ts con soporte para pool de conexiones",
          "duration": 0.7262000000000626,
          "failureMessages": [],
          "meta": {},
          "tags": []
        },
        {
          "ancestorTitles": ["MariaDB Schema & Host Model Verification (FC 001a & ADR 005)"],
          "fullName": "MariaDB Schema & Host Model Verification (FC 001a & ADR 005) debe validar la congruencia de los tipos de entidad TypeScript",
          "status": "passed",
          "title": "debe validar la congruencia de los tipos de entidad TypeScript",
          "duration": 0.38629999999989195,
          "failureMessages": [],
          "meta": {},
          "tags": []
        }
      ],
      "startTime": 1786470304960,
      "endTime": 1786470304965.3862,
      "status": "passed",
      "message": "",
      "name": "C:/Users/felip/OneDrive/Documentos/felipe/03_Desarrollo_Web/dreamtek.tech/src/__tests__/db/mariadb.test.ts"
    },
    {
      "assertionResults": [
        {
          "ancestorTitles": ["FC 001k Production DB Migration Runner Suite"],
          "fullName": "FC 001k Production DB Migration Runner Suite debe existir el script ejecutor scripts/migrate.mjs y el workflow .github/workflows/db-migrate.yml",
          "status": "passed",
          "title": "debe existir el script ejecutor scripts/migrate.mjs y el workflow .github/workflows/db-migrate.yml",
          "duration": 3.848700000000008,
          "failureMessages": [],
          "meta": {},
          "tags": []
        },
        {
          "ancestorTitles": ["FC 001k Production DB Migration Runner Suite"],
          "fullName": "FC 001k Production DB Migration Runner Suite computeChecksum debe calcular un hash SHA-256 determinista de 64 caracteres hex",
          "status": "passed",
          "title": "computeChecksum debe calcular un hash SHA-256 determinista de 64 caracteres hex",
          "duration": 1.8977999999997337,
          "failureMessages": [],
          "meta": {},
          "tags": []
        },
        {
          "ancestorTitles": ["FC 001k Production DB Migration Runner Suite"],
          "fullName": "FC 001k Production DB Migration Runner Suite debe verificar y calcular los checksums SHA-256 de todas las migraciones en database/migrations/",
          "status": "passed",
          "title": "debe verificar y calcular los checksums SHA-256 de todas las migraciones en database/migrations/",
          "duration": 16.303699999999935,
          "failureMessages": [],
          "meta": {},
          "tags": []
        },
        {
          "ancestorTitles": ["FC 001k Production DB Migration Runner Suite"],
          "fullName": "FC 001k Production DB Migration Runner Suite el script migrate.mjs debe soportar la bandera --dry-run y enrutamiento 127.0.0.1:3307",
          "status": "passed",
          "title": "el script migrate.mjs debe soportar la bandera --dry-run y enrutamiento 127.0.0.1:3307",
          "duration": 0.5614000000000487,
          "failureMessages": [],
          "meta": {},
          "tags": []
        }
      ],
      "startTime": 1786470294421,
      "endTime": 1786470294443.5613,
      "status": "passed",
      "message": "",
      "name": "C:/Users/felip/OneDrive/Documentos/felipe/03_Desarrollo_Web/dreamtek.tech/src/__tests__/db/migrationRunner.test.ts"
    },
    {
      "assertionResults": [
        {
          "ancestorTitles": ["useSSE React Hook Unit Tests"],
          "fullName": "useSSE React Hook Unit Tests debe inicializar en estado CLOSED cuando enabled es false",
          "status": "passed",
          "title": "debe inicializar en estado CLOSED cuando enabled es false",
          "duration": 17.822099999999864,
          "failureMessages": [],
          "meta": {},
          "tags": []
        },
        {
          "ancestorTitles": ["useSSE React Hook Unit Tests"],
          "fullName": "useSSE React Hook Unit Tests debe conectar a SSE y cambiar a estado OPEN al disparar onopen",
          "status": "failed",
          "title": "debe conectar a SSE y cambiar a estado OPEN al disparar onopen",
          "duration": 10.978700000000117,
          "failureMessages": [
            "AssertionError: expected 'CLOSED' to be 'OPEN' // Object.is equality\n    at C:/Users/felip/OneDrive/Documentos/felipe/03_Desarrollo_Web/dreamtek.tech/src/__tests__/events/useSSE.test.tsx:49:44\n    at file:///C:/Users/felip/OneDrive/Documentos/felipe/03_Desarrollo_Web/dreamtek.tech/node_modules/@vitest/runner/dist/chunk-artifact.js:302:11\n    at file:///C:/Users/felip/OneDrive/Documentos/felipe/03_Desarrollo_Web/dreamtek.tech/node_modules/@vitest/runner/dist/chunk-artifact.js:1893:26\n    at file:///C:/Users/felip/OneDrive/Documentos/felipe/03_Desarrollo_Web/dreamtek.tech/node_modules/@vitest/runner/dist/chunk-artifact.js:2316:20\n    at new Promise (<anonymous>)\n    at runWithCancel (file:///C:/Users/felip/OneDrive/Documentos/felipe/03_Desarrollo_Web/dreamtek.tech/node_modules/@vitest/runner/dist/chunk-artifact.js:2313:10)\n    at file:///C:/Users/felip/OneDrive/Documentos/felipe/03_Desarrollo_Web/dreamtek.tech/node_modules/@vitest/runner/dist/chunk-artifact.js:2295:20\n    at new Promise (<anonymous>)\n    at runWithTimeout (file:///C:/Users/felip/OneDrive/Documentos/felipe/03_Desarrollo_Web/dreamtek.tech/node_modules/@vitest/runner/dist/chunk-artifact.js:2262:10)\n    at file:///C:/Users/felip/OneDrive/Documentos/felipe/03_Desarrollo_Web/dreamtek.tech/node_modules/@vitest/runner/dist/chunk-artifact.js:2945:64"
          ],
          "meta": {},
          "tags": []
        },
        {
          "ancestorTitles": ["useSSE React Hook Unit Tests"],
          "fullName": "useSSE React Hook Unit Tests debe procesar mensajes JSON en onmessage y actualizar lastEvent",
          "status": "passed",
          "title": "debe procesar mensajes JSON en onmessage y actualizar lastEvent",
          "duration": 2.283100000000104,
          "failureMessages": [],
          "meta": {},
          "tags": []
        },
        {
          "ancestorTitles": ["useSSE React Hook Unit Tests"],
          "fullName": "useSSE React Hook Unit Tests debe procesar mensajes texto plano si falla JSON.parse",
          "status": "passed",
          "title": "debe procesar mensajes texto plano si falla JSON.parse",
          "duration": 1.7250000000003638,
          "failureMessages": [],
          "meta": {},
          "tags": []
        },
        {
          "ancestorTitles": ["useSSE React Hook Unit Tests"],
          "fullName": "useSSE React Hook Unit Tests debe manejar errores en onerror y cerrar la conexión",
          "status": "passed",
          "title": "debe manejar errores en onerror y cerrar la conexión",
          "duration": 1.9495999999999185,
          "failureMessages": [],
          "meta": {},
          "tags": []
        }
      ],
      "startTime": 1786470220965,
      "endTime": 1786470220999.9497,
      "status": "failed",
      "message": "",
      "name": "C:/Users/felip/OneDrive/Documentos/felipe/03_Desarrollo_Web/dreamtek.tech/src/__tests__/events/useSSE.test.tsx"
    },
    {
      "assertionResults": [
        {
          "ancestorTitles": ["Dictionaries i18n"],
          "fullName": "Dictionaries i18n debe tener las mismas claves principales en es y en",
          "status": "passed",
          "title": "debe tener las mismas claves principales en es y en",
          "duration": 3.8339999999998327,
          "failureMessages": [],
          "meta": {},
          "tags": []
        }
      ],
      "startTime": 1786470307890,
      "endTime": 1786470307893.834,
      "status": "passed",
      "message": "",
      "name": "C:/Users/felip/OneDrive/Documentos/felipe/03_Desarrollo_Web/dreamtek.tech/src/__tests__/i18n/Dictionaries.test.tsx"
    },
    {
      "assertionResults": [
        {
          "ancestorTitles": ["ClientWrapper Component"],
          "fullName": "ClientWrapper Component debe detectar la ruta principal en español y configurar document.documentElement.lang a \"es\"",
          "status": "passed",
          "title": "debe detectar la ruta principal en español y configurar document.documentElement.lang a \"es\"",
          "duration": 124.30259999999998,
          "failureMessages": [],
          "meta": {},
          "tags": []
        },
        {
          "ancestorTitles": ["ClientWrapper Component"],
          "fullName": "ClientWrapper Component debe detectar la ruta en inglés \"/en\" y configurar document.documentElement.lang a \"en\"",
          "status": "passed",
          "title": "debe detectar la ruta en inglés \"/en\" y configurar document.documentElement.lang a \"en\"",
          "duration": 38.39400000000023,
          "failureMessages": [],
          "meta": {},
          "tags": []
        }
      ],
      "startTime": 1786470269208,
      "endTime": 1786470269371.394,
      "status": "passed",
      "message": "",
      "name": "C:/Users/felip/OneDrive/Documentos/felipe/03_Desarrollo_Web/dreamtek.tech/src/__tests__/layout/ClientWrapper.test.tsx"
    },
    {
      "assertionResults": [
        {
          "ancestorTitles": ["Footer Component"],
          "fullName": "Footer Component debe renderizar el footer en español con enlaces y copyright",
          "status": "passed",
          "title": "debe renderizar el footer en español con enlaces y copyright",
          "duration": 238.46929999999975,
          "failureMessages": [],
          "meta": {},
          "tags": []
        },
        {
          "ancestorTitles": ["Footer Component"],
          "fullName": "Footer Component debe navegar al inicio al hacer clic en el botón de logotipo del footer",
          "status": "passed",
          "title": "debe navegar al inicio al hacer clic en el botón de logotipo del footer",
          "duration": 32.334100000000035,
          "failureMessages": [],
          "meta": {},
          "tags": []
        },
        {
          "ancestorTitles": ["Footer Component"],
          "fullName": "Footer Component debe renderizar los enlaces adaptados a inglés con prefijos de ruta correctos",
          "status": "passed",
          "title": "debe renderizar los enlaces adaptados a inglés con prefijos de ruta correctos",
          "duration": 47.29809999999998,
          "failureMessages": [],
          "meta": {},
          "tags": []
        }
      ],
      "startTime": 1786470236698,
      "endTime": 1786470237016.298,
      "status": "passed",
      "message": "",
      "name": "C:/Users/felip/OneDrive/Documentos/felipe/03_Desarrollo_Web/dreamtek.tech/src/__tests__/layout/Footer.test.tsx"
    },
    {
      "assertionResults": [
        {
          "ancestorTitles": ["Navbar Component"],
          "fullName": "Navbar Component debe renderizar el logotipo y los enlaces principales de escritorio y móvil",
          "status": "passed",
          "title": "debe renderizar el logotipo y los enlaces principales de escritorio y móvil",
          "duration": 280.91200000000026,
          "failureMessages": [],
          "meta": {},
          "tags": []
        },
        {
          "ancestorTitles": ["Navbar Component"],
          "fullName": "Navbar Component debe abrir y cerrar el menú móvil al hacer clic en el botón de hamburguesa",
          "status": "passed",
          "title": "debe abrir y cerrar el menú móvil al hacer clic en el botón de hamburguesa",
          "duration": 88.05799999999999,
          "failureMessages": [],
          "meta": {},
          "tags": []
        },
        {
          "ancestorTitles": ["Navbar Component"],
          "fullName": "Navbar Component debe cerrar el menú móvil al hacer clic en un enlace de navegación móvil",
          "status": "passed",
          "title": "debe cerrar el menú móvil al hacer clic en un enlace de navegación móvil",
          "duration": 94.13750000000027,
          "failureMessages": [],
          "meta": {},
          "tags": []
        },
        {
          "ancestorTitles": ["Navbar Component"],
          "fullName": "Navbar Component debe actualizar localStorage al hacer clic en los cambiadores de idioma (ES / EN)",
          "status": "passed",
          "title": "debe actualizar localStorage al hacer clic en los cambiadores de idioma (ES / EN)",
          "duration": 62.714300000000094,
          "failureMessages": [],
          "meta": {},
          "tags": []
        },
        {
          "ancestorTitles": ["Navbar Component"],
          "fullName": "Navbar Component debe navegar al inicio al hacer clic en el logotipo",
          "status": "passed",
          "title": "debe navegar al inicio al hacer clic en el logotipo",
          "duration": 25.40769999999975,
          "failureMessages": [],
          "meta": {},
          "tags": []
        },
        {
          "ancestorTitles": ["Navbar Component"],
          "fullName": "Navbar Component debe renderizar el botón de retorno al sitio cuando se encuentra en páginas legales",
          "status": "passed",
          "title": "debe renderizar el botón de retorno al sitio cuando se encuentra en páginas legales",
          "duration": 24.819300000000112,
          "failureMessages": [],
          "meta": {},
          "tags": []
        },
        {
          "ancestorTitles": ["Navbar Component"],
          "fullName": "Navbar Component debe manejar la navegación de retorno al sitio en idioma inglés",
          "status": "passed",
          "title": "debe manejar la navegación de retorno al sitio en idioma inglés",
          "duration": 24.38709999999992,
          "failureMessages": [],
          "meta": {},
          "tags": []
        }
      ],
      "startTime": 1786470234042,
      "endTime": 1786470234642.3872,
      "status": "passed",
      "message": "",
      "name": "C:/Users/felip/OneDrive/Documentos/felipe/03_Desarrollo_Web/dreamtek.tech/src/__tests__/layout/Navbar.test.tsx"
    },
    {
      "assertionResults": [
        {
          "ancestorTitles": ["FC 001m Client Onboarding Library Suite"],
          "fullName": "FC 001m Client Onboarding Library Suite submitLead debe enviar POST /onboarding/lead y manejar errores HTTP",
          "status": "passed",
          "title": "submitLead debe enviar POST /onboarding/lead y manejar errores HTTP",
          "duration": 5.991399999999885,
          "failureMessages": [],
          "meta": {},
          "tags": []
        },
        {
          "ancestorTitles": ["FC 001m Client Onboarding Library Suite"],
          "fullName": "FC 001m Client Onboarding Library Suite checkDomainAvailability debe enviar POST /onboarding/domain y manejar errores HTTP",
          "status": "passed",
          "title": "checkDomainAvailability debe enviar POST /onboarding/domain y manejar errores HTTP",
          "duration": 0.7321000000001732,
          "failureMessages": [],
          "meta": {},
          "tags": []
        },
        {
          "ancestorTitles": ["FC 001m Client Onboarding Library Suite"],
          "fullName": "FC 001m Client Onboarding Library Suite createCheckoutSession debe enviar POST /checkout/session y manejar errores HTTP",
          "status": "passed",
          "title": "createCheckoutSession debe enviar POST /checkout/session y manejar errores HTTP",
          "duration": 0.6541000000001986,
          "failureMessages": [],
          "meta": {},
          "tags": []
        },
        {
          "ancestorTitles": ["FC 001m Client Onboarding Library Suite"],
          "fullName": "FC 001m Client Onboarding Library Suite verifyCheckoutSuccess debe enviar GET /checkout/verify y manejar errores HTTP",
          "status": "passed",
          "title": "verifyCheckoutSuccess debe enviar GET /checkout/verify y manejar errores HTTP",
          "duration": 0.5601000000001477,
          "failureMessages": [],
          "meta": {},
          "tags": []
        },
        {
          "ancestorTitles": ["FC 001m Client Onboarding Library Suite"],
          "fullName": "FC 001m Client Onboarding Library Suite debe usar mensajes de error por defecto si las respuestas de error carecen de error y message",
          "status": "passed",
          "title": "debe usar mensajes de error por defecto si las respuestas de error carecen de error y message",
          "duration": 1.0419000000001688,
          "failureMessages": [],
          "meta": {},
          "tags": []
        }
      ],
      "startTime": 1786470298736,
      "endTime": 1786470298745.042,
      "status": "passed",
      "message": "",
      "name": "C:/Users/felip/OneDrive/Documentos/felipe/03_Desarrollo_Web/dreamtek.tech/src/__tests__/onboarding/onboarding.test.ts"
    },
    {
      "assertionResults": [
        {
          "ancestorTitles": ["OnboardingWizard Component 100% Suite"],
          "fullName": "OnboardingWizard Component 100% Suite debe renderizar el paso 1 correctamente con los títulos e insumos requeridos",
          "status": "passed",
          "title": "debe renderizar el paso 1 correctamente con los títulos e insumos requeridos",
          "duration": 124.64429999999993,
          "failureMessages": [],
          "meta": {},
          "tags": []
        },
        {
          "ancestorTitles": ["OnboardingWizard Component 100% Suite"],
          "fullName": "OnboardingWizard Component 100% Suite debe avanzar exitosamente del paso 1 al paso 2 al enviar datos válidos",
          "status": "passed",
          "title": "debe avanzar exitosamente del paso 1 al paso 2 al enviar datos válidos",
          "duration": 74.2165,
          "failureMessages": [],
          "meta": {},
          "tags": []
        },
        {
          "ancestorTitles": ["OnboardingWizard Component 100% Suite"],
          "fullName": "OnboardingWizard Component 100% Suite debe permitir seleccionar plantilla en paso 2 y avanzar al paso 3",
          "status": "passed",
          "title": "debe permitir seleccionar plantilla en paso 2 y avanzar al paso 3",
          "duration": 51.626700000000255,
          "failureMessages": [],
          "meta": {},
          "tags": []
        },
        {
          "ancestorTitles": ["OnboardingWizard Component 100% Suite"],
          "fullName": "OnboardingWizard Component 100% Suite debe llamar a onClose al hacer clic en el botón de cerrar",
          "status": "passed",
          "title": "debe llamar a onClose al hacer clic en el botón de cerrar",
          "duration": 478.9560999999999,
          "failureMessages": [],
          "meta": {},
          "tags": []
        }
      ],
      "startTime": 1786470245141,
      "endTime": 1786470245870.956,
      "status": "passed",
      "message": "",
      "name": "C:/Users/felip/OneDrive/Documentos/felipe/03_Desarrollo_Web/dreamtek.tech/src/__tests__/onboarding/OnboardingWizard.test.tsx"
    },
    {
      "assertionResults": [
        {
          "ancestorTitles": ["FC 001j Graceful Shutdown & Health Probes 100% Suite"],
          "fullName": "FC 001j Graceful Shutdown & Health Probes 100% Suite deben existir la ruta health.ts y los manejadores de señales SIGTERM/SIGINT en server/src/index.ts",
          "status": "passed",
          "title": "deben existir la ruta health.ts y los manejadores de señales SIGTERM/SIGINT en server/src/index.ts",
          "duration": 3.683599999999842,
          "failureMessages": [],
          "meta": {},
          "tags": []
        },
        {
          "ancestorTitles": ["FC 001j Graceful Shutdown & Health Probes 100% Suite"],
          "fullName": "FC 001j Graceful Shutdown & Health Probes 100% Suite el helper setShuttingDownState e isShuttingDown deben controlar el estado de disponibilidad",
          "status": "passed",
          "title": "el helper setShuttingDownState e isShuttingDown deben controlar el estado de disponibilidad",
          "duration": 0.30629999999973734,
          "failureMessages": [],
          "meta": {},
          "tags": []
        },
        {
          "ancestorTitles": ["FC 001j Graceful Shutdown & Health Probes 100% Suite"],
          "fullName": "FC 001j Graceful Shutdown & Health Probes 100% Suite debe responder HTTP 200 en GET /health (legacy health probe)",
          "status": "passed",
          "title": "debe responder HTTP 200 en GET /health (legacy health probe)",
          "duration": 23.810500000000047,
          "failureMessages": [],
          "meta": {},
          "tags": []
        },
        {
          "ancestorTitles": ["FC 001j Graceful Shutdown & Health Probes 100% Suite"],
          "fullName": "FC 001j Graceful Shutdown & Health Probes 100% Suite debe responder HTTP 200 en GET /healthz cuando el servidor está activo y 503 cuando se apaga",
          "status": "passed",
          "title": "debe responder HTTP 200 en GET /healthz cuando el servidor está activo y 503 cuando se apaga",
          "duration": 7.336299999999937,
          "failureMessages": [],
          "meta": {},
          "tags": []
        },
        {
          "ancestorTitles": ["FC 001j Graceful Shutdown & Health Probes 100% Suite"],
          "fullName": "FC 001j Graceful Shutdown & Health Probes 100% Suite debe responder en GET /readyz según la disponibilidad de la base de datos y estado de apaga",
          "status": "passed",
          "title": "debe responder en GET /readyz según la disponibilidad de la base de datos y estado de apaga",
          "duration": 30.73869999999988,
          "failureMessages": [],
          "meta": {},
          "tags": []
        }
      ],
      "startTime": 1786470278498,
      "endTime": 1786470278564.7388,
      "status": "passed",
      "message": "",
      "name": "C:/Users/felip/OneDrive/Documentos/felipe/03_Desarrollo_Web/dreamtek.tech/src/__tests__/resilience/resilience.test.ts"
    },
    {
      "assertionResults": [
        {
          "ancestorTitles": ["FC 001h Security Hardening Suite & auditLogger 100% Coverage"],
          "fullName": "FC 001h Security Hardening Suite & auditLogger 100% Coverage computeSanitizedPayloadHash debe sanitizar campos sensibles y retornar SHA-256 hex",
          "status": "passed",
          "title": "computeSanitizedPayloadHash debe sanitizar campos sensibles y retornar SHA-256 hex",
          "duration": 3.4404999999997017,
          "failureMessages": [],
          "meta": {},
          "tags": []
        },
        {
          "ancestorTitles": ["FC 001h Security Hardening Suite & auditLogger 100% Coverage"],
          "fullName": "FC 001h Security Hardening Suite & auditLogger 100% Coverage computeSanitizedPayloadHash debe manejar nulos, no objetos y errores de serialización circular",
          "status": "passed",
          "title": "computeSanitizedPayloadHash debe manejar nulos, no objetos y errores de serialización circular",
          "duration": 0.4294999999997344,
          "failureMessages": [],
          "meta": {},
          "tags": []
        },
        {
          "ancestorTitles": ["FC 001h Security Hardening Suite & auditLogger 100% Coverage"],
          "fullName": "FC 001h Security Hardening Suite & auditLogger 100% Coverage logSecurityEvent debe extraer IP de x-forwarded-for, req.ip o remoteAddress y ejecutar log sin excepciones",
          "status": "passed",
          "title": "logSecurityEvent debe extraer IP de x-forwarded-for, req.ip o remoteAddress y ejecutar log sin excepciones",
          "duration": 2.347099999999955,
          "failureMessages": [],
          "meta": {},
          "tags": []
        },
        {
          "ancestorTitles": ["FC 001h Security Hardening Suite & auditLogger 100% Coverage"],
          "fullName": "FC 001h Security Hardening Suite & auditLogger 100% Coverage logSecurityEvent debe capturar excepciones de pool.execute y escribir en console.warn",
          "status": "passed",
          "title": "logSecurityEvent debe capturar excepciones de pool.execute y escribir en console.warn",
          "duration": 1.9328999999997905,
          "failureMessages": [],
          "meta": {},
          "tags": []
        }
      ],
      "startTime": 1786470302914,
      "endTime": 1786470302922.9329,
      "status": "passed",
      "message": "",
      "name": "C:/Users/felip/OneDrive/Documentos/felipe/03_Desarrollo_Web/dreamtek.tech/src/__tests__/security/security.test.ts"
    },
    {
      "assertionResults": [
        {
          "ancestorTitles": ["SSE Events Router & Real-Time Emitters"],
          "fullName": "SSE Events Router & Real-Time Emitters debe rechazar solicitudes a GET /api/v1/events sin autenticación (401)",
          "status": "passed",
          "title": "debe rechazar solicitudes a GET /api/v1/events sin autenticación (401)",
          "duration": 27.840099999999893,
          "failureMessages": [],
          "meta": {},
          "tags": []
        },
        {
          "ancestorTitles": ["SSE Events Router & Real-Time Emitters"],
          "fullName": "SSE Events Router & Real-Time Emitters debe establecer conexión SSE con encabezados de streaming y responder con evento connected",
          "status": "passed",
          "title": "debe establecer conexión SSE con encabezados de streaming y responder con evento connected",
          "duration": 16.197799999999916,
          "failureMessages": [],
          "meta": {},
          "tags": []
        },
        {
          "ancestorTitles": ["SSE Events Router & Real-Time Emitters"],
          "fullName": "SSE Events Router & Real-Time Emitters debe retornar false al enviar un evento a un usuario sin conexiones activas",
          "status": "passed",
          "title": "debe retornar false al enviar un evento a un usuario sin conexiones activas",
          "duration": 0.4228000000002794,
          "failureMessages": [],
          "meta": {},
          "tags": []
        }
      ],
      "startTime": 1786470292123,
      "endTime": 1786470292168.4229,
      "status": "passed",
      "message": "",
      "name": "C:/Users/felip/OneDrive/Documentos/felipe/03_Desarrollo_Web/dreamtek.tech/src/__tests__/server/events.test.ts"
    },
    {
      "assertionResults": [
        {
          "ancestorTitles": ["Server Express Routes 100% Comprehensive Suite"],
          "fullName": "Server Express Routes 100% Comprehensive Suite POST /auth/login debe validar campos requeridos y procesar logins fallidos y exitosos",
          "status": "passed",
          "title": "POST /auth/login debe validar campos requeridos y procesar logins fallidos y exitosos",
          "duration": 259.53459999999995,
          "failureMessages": [],
          "meta": {},
          "tags": []
        },
        {
          "ancestorTitles": ["Server Express Routes 100% Comprehensive Suite"],
          "fullName": "Server Express Routes 100% Comprehensive Suite GET /auth/me debe validar token de sesión y responder con usuario",
          "status": "passed",
          "title": "GET /auth/me debe validar token de sesión y responder con usuario",
          "duration": 12.004299999999603,
          "failureMessages": [],
          "meta": {},
          "tags": []
        },
        {
          "ancestorTitles": ["Server Express Routes 100% Comprehensive Suite"],
          "fullName": "Server Express Routes 100% Comprehensive Suite GET /admin/leads, /admin/audit-logs y /admin/metrics deben responder con datos para ADMIN y manejar fallas de DB",
          "status": "passed",
          "title": "GET /admin/leads, /admin/audit-logs y /admin/metrics deben responder con datos para ADMIN y manejar fallas de DB",
          "duration": 16.608299999999872,
          "failureMessages": [],
          "meta": {},
          "tags": []
        },
        {
          "ancestorTitles": ["Server Express Routes 100% Comprehensive Suite"],
          "fullName": "Server Express Routes 100% Comprehensive Suite GET /client/dashboard y /client/sites deben responder para CLIENT o retornar 404",
          "status": "passed",
          "title": "GET /client/dashboard y /client/sites deben responder para CLIENT o retornar 404",
          "duration": 12.031900000000405,
          "failureMessages": [],
          "meta": {},
          "tags": []
        },
        {
          "ancestorTitles": ["Server Express Routes 100% Comprehensive Suite"],
          "fullName": "Server Express Routes 100% Comprehensive Suite POST /onboarding/lead debe insertar o actualizar prospectos existentes",
          "status": "passed",
          "title": "POST /onboarding/lead debe insertar o actualizar prospectos existentes",
          "duration": 16.778000000000247,
          "failureMessages": [],
          "meta": {},
          "tags": []
        },
        {
          "ancestorTitles": ["Server Express Routes 100% Comprehensive Suite"],
          "fullName": "Server Express Routes 100% Comprehensive Suite POST /onboarding/domain debe evaluar disponibilidad de dominios",
          "status": "passed",
          "title": "POST /onboarding/domain debe evaluar disponibilidad de dominios",
          "duration": 6.553399999999783,
          "failureMessages": [],
          "meta": {},
          "tags": []
        },
        {
          "ancestorTitles": ["Server Express Routes 100% Comprehensive Suite"],
          "fullName": "Server Express Routes 100% Comprehensive Suite POST /checkout/session, /checkout/webhook y GET /checkout/verify deben procesar intenciones de compra",
          "status": "passed",
          "title": "POST /checkout/session, /checkout/webhook y GET /checkout/verify deben procesar intenciones de compra",
          "duration": 13.982299999999668,
          "failureMessages": [],
          "meta": {},
          "tags": []
        },
        {
          "ancestorTitles": ["Server Express Routes 100% Comprehensive Suite"],
          "fullName": "Server Express Routes 100% Comprehensive Suite POST /contact/send-code y POST /contact deben procesar el envío de mensajes y evaluar SMTP",
          "status": "passed",
          "title": "POST /contact/send-code y POST /contact deben procesar el envío de mensajes y evaluar SMTP",
          "duration": 6.627400000000307,
          "failureMessages": [],
          "meta": {},
          "tags": []
        },
        {
          "ancestorTitles": ["Server Express Routes 100% Comprehensive Suite"],
          "fullName": "Server Express Routes 100% Comprehensive Suite POST /auth/logout y GET /auth/me excepcion deben responder adecuadamente",
          "status": "passed",
          "title": "POST /auth/logout y GET /auth/me excepcion deben responder adecuadamente",
          "duration": 5.455600000000231,
          "failureMessages": [],
          "meta": {},
          "tags": []
        },
        {
          "ancestorTitles": ["Server Express Routes 100% Comprehensive Suite"],
          "fullName": "Server Express Routes 100% Comprehensive Suite health.ts /health, /healthz y /readyz deben reportar estado del servicio y handles shutting down",
          "status": "passed",
          "title": "health.ts /health, /healthz y /readyz deben reportar estado del servicio y handles shutting down",
          "duration": 59.30229999999983,
          "failureMessages": [],
          "meta": {},
          "tags": []
        },
        {
          "ancestorTitles": ["Server Express Routes 100% Comprehensive Suite"],
          "fullName": "Server Express Routes 100% Comprehensive Suite contact.ts send-code e inputs inválidos deben retornar 400 y capturar excepciones",
          "status": "passed",
          "title": "contact.ts send-code e inputs inválidos deben retornar 400 y capturar excepciones",
          "duration": 14.830199999999877,
          "failureMessages": [],
          "meta": {},
          "tags": []
        },
        {
          "ancestorTitles": ["Server Express Routes 100% Comprehensive Suite"],
          "fullName": "Server Express Routes 100% Comprehensive Suite contact.ts en producción debe enviar correos con nodemailer o manejar excepciones SMTP",
          "status": "passed",
          "title": "contact.ts en producción debe enviar correos con nodemailer o manejar excepciones SMTP",
          "duration": 11.448099999999613,
          "failureMessages": [],
          "meta": {},
          "tags": []
        },
        {
          "ancestorTitles": ["Server Express Routes 100% Comprehensive Suite"],
          "fullName": "Server Express Routes 100% Comprehensive Suite client.ts y admin.ts deben capturar excepciones síncronas de DB y fallbacks de mensaje",
          "status": "passed",
          "title": "client.ts y admin.ts deben capturar excepciones síncronas de DB y fallbacks de mensaje",
          "duration": 24.694299999999657,
          "failureMessages": [],
          "meta": {},
          "tags": []
        },
        {
          "ancestorTitles": ["Server Express Routes 100% Comprehensive Suite"],
          "fullName": "Server Express Routes 100% Comprehensive Suite admin.ts audit-logs debe manejar fallo en la consulta de total count o arreglo vacío",
          "status": "passed",
          "title": "admin.ts audit-logs debe manejar fallo en la consulta de total count o arreglo vacío",
          "duration": 7.856599999999617,
          "failureMessages": [],
          "meta": {},
          "tags": []
        },
        {
          "ancestorTitles": ["Server Express Routes 100% Comprehensive Suite"],
          "fullName": "Server Express Routes 100% Comprehensive Suite auth.ts debe procesar logins exitosos en producción y validación de campos requeridos",
          "status": "passed",
          "title": "auth.ts debe procesar logins exitosos en producción y validación de campos requeridos",
          "duration": 17.74489999999969,
          "failureMessages": [],
          "meta": {},
          "tags": []
        },
        {
          "ancestorTitles": ["Server Express Routes 100% Comprehensive Suite"],
          "fullName": "Server Express Routes 100% Comprehensive Suite auth.ts debe responder con 500 si falta JWT_SECRET en producción durante login",
          "status": "passed",
          "title": "auth.ts debe responder con 500 si falta JWT_SECRET en producción durante login",
          "duration": 4.184099999999944,
          "failureMessages": [],
          "meta": {},
          "tags": []
        },
        {
          "ancestorTitles": ["Server Express Routes 100% Comprehensive Suite"],
          "fullName": "Server Express Routes 100% Comprehensive Suite checkout.ts debe procesar sesiones de Stripe o manejar errores cuando STRIPE_SECRET_KEY está configurada",
          "status": "passed",
          "title": "checkout.ts debe procesar sesiones de Stripe o manejar errores cuando STRIPE_SECRET_KEY está configurada",
          "duration": 6.632399999999961,
          "failureMessages": [],
          "meta": {},
          "tags": []
        },
        {
          "ancestorTitles": ["Server Express Routes 100% Comprehensive Suite"],
          "fullName": "Server Express Routes 100% Comprehensive Suite onboarding.ts debe validar que el dominio sea una cadena de texto válida",
          "status": "passed",
          "title": "onboarding.ts debe validar que el dominio sea una cadena de texto válida",
          "duration": 5.921699999999873,
          "failureMessages": [],
          "meta": {},
          "tags": []
        }
      ],
      "startTime": 1786470231439,
      "endTime": 1786470231940.9216,
      "status": "passed",
      "message": "",
      "name": "C:/Users/felip/OneDrive/Documentos/felipe/03_Desarrollo_Web/dreamtek.tech/src/__tests__/server/routes.test.ts"
    },
    {
      "assertionResults": [
        {
          "ancestorTitles": ["Server Utils & Middleware 100% Comprehensive Suite"],
          "fullName": "Server Utils & Middleware 100% Comprehensive Suite crypto.ts debe encriptar y desencriptar texto con Encrypt-then-HMAC-SHA512",
          "status": "passed",
          "title": "crypto.ts debe encriptar y desencriptar texto con Encrypt-then-HMAC-SHA512",
          "duration": 12.850800000000163,
          "failureMessages": [],
          "meta": {},
          "tags": []
        },
        {
          "ancestorTitles": ["Server Utils & Middleware 100% Comprehensive Suite"],
          "fullName": "Server Utils & Middleware 100% Comprehensive Suite crypto.ts debe validar HMAC alterado y capturar excepciones en decryptField",
          "status": "passed",
          "title": "crypto.ts debe validar HMAC alterado y capturar excepciones en decryptField",
          "duration": 1.069300000000112,
          "failureMessages": [],
          "meta": {},
          "tags": []
        },
        {
          "ancestorTitles": ["Server Utils & Middleware 100% Comprehensive Suite"],
          "fullName": "Server Utils & Middleware 100% Comprehensive Suite crypto.ts getJwtSecret debe lanzar fatal error en producción si falta JWT_SECRET",
          "status": "passed",
          "title": "crypto.ts getJwtSecret debe lanzar fatal error en producción si falta JWT_SECRET",
          "duration": 2.1909999999998035,
          "failureMessages": [],
          "meta": {},
          "tags": []
        },
        {
          "ancestorTitles": ["Server Utils & Middleware 100% Comprehensive Suite"],
          "fullName": "Server Utils & Middleware 100% Comprehensive Suite crypto.ts encriptación debe lanzar fatal error en producción si falta DB_ENCRYPTION_KEY",
          "status": "passed",
          "title": "crypto.ts encriptación debe lanzar fatal error en producción si falta DB_ENCRYPTION_KEY",
          "duration": 0.6252999999996973,
          "failureMessages": [],
          "meta": {},
          "tags": []
        },
        {
          "ancestorTitles": ["Server Utils & Middleware 100% Comprehensive Suite"],
          "fullName": "Server Utils & Middleware 100% Comprehensive Suite validate middleware debe permitir datos válidos y rechazar esquemas Zod inválidos con HTTP 400",
          "status": "passed",
          "title": "validate middleware debe permitir datos válidos y rechazar esquemas Zod inválidos con HTTP 400",
          "duration": 5.135200000000168,
          "failureMessages": [],
          "meta": {},
          "tags": []
        },
        {
          "ancestorTitles": ["Server Utils & Middleware 100% Comprehensive Suite"],
          "fullName": "Server Utils & Middleware 100% Comprehensive Suite sensitiveEndpointLimiter debe integrarse con Express y omitir GET o responder HTTP 429 si se excede",
          "status": "passed",
          "title": "sensitiveEndpointLimiter debe integrarse con Express y omitir GET o responder HTTP 429 si se excede",
          "duration": 98.26430000000028,
          "failureMessages": [],
          "meta": {},
          "tags": []
        },
        {
          "ancestorTitles": ["Server Utils & Middleware 100% Comprehensive Suite"],
          "fullName": "Server Utils & Middleware 100% Comprehensive Suite crypto.ts decryptField y getJwtSecret/getDbEncryptionKey deben cubrir todas las ramas y excepciones",
          "status": "passed",
          "title": "crypto.ts decryptField y getJwtSecret/getDbEncryptionKey deben cubrir todas las ramas y excepciones",
          "duration": 1.099999999999909,
          "failureMessages": [],
          "meta": {},
          "tags": []
        }
      ],
      "startTime": 1786470264456,
      "endTime": 1786470264577.1,
      "status": "passed",
      "message": "",
      "name": "C:/Users/felip/OneDrive/Documentos/felipe/03_Desarrollo_Web/dreamtek.tech/src/__tests__/server/utils.test.ts"
    },
    {
      "assertionResults": [
        {
          "ancestorTitles": [
            "Prometheus Metrics Engine & Middleware (FC 001n)",
            "MetricsRegistry Unit Tests"
          ],
          "fullName": "Prometheus Metrics Engine & Middleware (FC 001n) MetricsRegistry Unit Tests should increment counters and export openmetrics format",
          "status": "passed",
          "title": "should increment counters and export openmetrics format",
          "duration": 3.386500000000069,
          "failureMessages": [],
          "meta": {},
          "tags": []
        },
        {
          "ancestorTitles": [
            "Prometheus Metrics Engine & Middleware (FC 001n)",
            "MetricsRegistry Unit Tests"
          ],
          "fullName": "Prometheus Metrics Engine & Middleware (FC 001n) MetricsRegistry Unit Tests should set gauges and update existing values",
          "status": "passed",
          "title": "should set gauges and update existing values",
          "duration": 0.3843000000001666,
          "failureMessages": [],
          "meta": {},
          "tags": []
        },
        {
          "ancestorTitles": [
            "Prometheus Metrics Engine & Middleware (FC 001n)",
            "MetricsRegistry Unit Tests"
          ],
          "fullName": "Prometheus Metrics Engine & Middleware (FC 001n) MetricsRegistry Unit Tests should observe histogram values and calculate buckets",
          "status": "passed",
          "title": "should observe histogram values and calculate buckets",
          "duration": 0.6894000000002052,
          "failureMessages": [],
          "meta": {},
          "tags": []
        },
        {
          "ancestorTitles": [
            "Prometheus Metrics Engine & Middleware (FC 001n)",
            "MetricsRegistry Unit Tests"
          ],
          "fullName": "Prometheus Metrics Engine & Middleware (FC 001n) MetricsRegistry Unit Tests should record cache hit and miss events correctly",
          "status": "passed",
          "title": "should record cache hit and miss events correctly",
          "duration": 0.3463000000001557,
          "failureMessages": [],
          "meta": {},
          "tags": []
        },
        {
          "ancestorTitles": [
            "Prometheus Metrics Engine & Middleware (FC 001n)",
            "MetricsRegistry Unit Tests"
          ],
          "fullName": "Prometheus Metrics Engine & Middleware (FC 001n) MetricsRegistry Unit Tests should format labels with quotes escaped properly",
          "status": "passed",
          "title": "should format labels with quotes escaped properly",
          "duration": 0.1752000000001317,
          "failureMessages": [],
          "meta": {},
          "tags": []
        },
        {
          "ancestorTitles": [
            "Prometheus Metrics Engine & Middleware (FC 001n)",
            "MetricsRegistry Unit Tests"
          ],
          "fullName": "Prometheus Metrics Engine & Middleware (FC 001n) MetricsRegistry Unit Tests should handle unlabelled counters and gauges",
          "status": "passed",
          "title": "should handle unlabelled counters and gauges",
          "duration": 0.18200000000024374,
          "failureMessages": [],
          "meta": {},
          "tags": []
        },
        {
          "ancestorTitles": [
            "Prometheus Metrics Engine & Middleware (FC 001n)",
            "Route Normalization & Middleware (C-N3)"
          ],
          "fullName": "Prometheus Metrics Engine & Middleware (FC 001n) Route Normalization & Middleware (C-N3) should normalize empty or null paths to \"/\"",
          "status": "passed",
          "title": "should normalize empty or null paths to \"/\"",
          "duration": 0.33809999999994034,
          "failureMessages": [],
          "meta": {},
          "tags": []
        },
        {
          "ancestorTitles": [
            "Prometheus Metrics Engine & Middleware (FC 001n)",
            "Route Normalization & Middleware (C-N3)"
          ],
          "fullName": "Prometheus Metrics Engine & Middleware (FC 001n) Route Normalization & Middleware (C-N3) should strip query parameters and replace UUIDs and IDs with placeholders",
          "status": "passed",
          "title": "should strip query parameters and replace UUIDs and IDs with placeholders",
          "duration": 0.38069999999970605,
          "failureMessages": [],
          "meta": {},
          "tags": []
        },
        {
          "ancestorTitles": [
            "Prometheus Metrics Engine & Middleware (FC 001n)",
            "Route Normalization & Middleware (C-N3)"
          ],
          "fullName": "Prometheus Metrics Engine & Middleware (FC 001n) Route Normalization & Middleware (C-N3) should replace long hex tokens",
          "status": "passed",
          "title": "should replace long hex tokens",
          "duration": 0.2626000000000204,
          "failureMessages": [],
          "meta": {},
          "tags": []
        },
        {
          "ancestorTitles": [
            "Prometheus Metrics Engine & Middleware (FC 001n)",
            "Route Normalization & Middleware (C-N3)"
          ],
          "fullName": "Prometheus Metrics Engine & Middleware (FC 001n) Route Normalization & Middleware (C-N3) should record request duration and status on res finish event",
          "status": "passed",
          "title": "should record request duration and status on res finish event",
          "duration": 1.606999999999971,
          "failureMessages": [],
          "meta": {},
          "tags": []
        },
        {
          "ancestorTitles": [
            "Prometheus Metrics Engine & Middleware (FC 001n)",
            "Route Normalization & Middleware (C-N3)"
          ],
          "fullName": "Prometheus Metrics Engine & Middleware (FC 001n) Route Normalization & Middleware (C-N3) should observe histogram values for new uninitialized metric names",
          "status": "passed",
          "title": "should observe histogram values for new uninitialized metric names",
          "duration": 0.33590000000003783,
          "failureMessages": [],
          "meta": {},
          "tags": []
        },
        {
          "ancestorTitles": [
            "Prometheus Metrics Engine & Middleware (FC 001n)",
            "Route Normalization & Middleware (C-N3)"
          ],
          "fullName": "Prometheus Metrics Engine & Middleware (FC 001n) Route Normalization & Middleware (C-N3) should fallback to empty string when path and originalUrl are undefined in middleware",
          "status": "passed",
          "title": "should fallback to empty string when path and originalUrl are undefined in middleware",
          "duration": 0.35730000000012296,
          "failureMessages": [],
          "meta": {},
          "tags": []
        },
        {
          "ancestorTitles": [
            "Prometheus Metrics Engine & Middleware (FC 001n)",
            "Metrics Route Security & Authorization (C-N2)"
          ],
          "fullName": "Prometheus Metrics Engine & Middleware (FC 001n) Metrics Route Security & Authorization (C-N2) should reject unauthenticated request to /api/v1/metrics with 401 Unauthorized",
          "status": "passed",
          "title": "should reject unauthenticated request to /api/v1/metrics with 401 Unauthorized",
          "duration": 31.639800000000378,
          "failureMessages": [],
          "meta": {},
          "tags": []
        },
        {
          "ancestorTitles": [
            "Prometheus Metrics Engine & Middleware (FC 001n)",
            "Metrics Route Security & Authorization (C-N2)"
          ],
          "fullName": "Prometheus Metrics Engine & Middleware (FC 001n) Metrics Route Security & Authorization (C-N2) should reject request to /metrics with invalid Bearer token with 401 Unauthorized",
          "status": "passed",
          "title": "should reject request to /metrics with invalid Bearer token with 401 Unauthorized",
          "duration": 4.760600000000068,
          "failureMessages": [],
          "meta": {},
          "tags": []
        },
        {
          "ancestorTitles": [
            "Prometheus Metrics Engine & Middleware (FC 001n)",
            "Metrics Route Security & Authorization (C-N2)"
          ],
          "fullName": "Prometheus Metrics Engine & Middleware (FC 001n) Metrics Route Security & Authorization (C-N2) should allow access to /api/v1/metrics with valid Bearer token",
          "status": "passed",
          "title": "should allow access to /api/v1/metrics with valid Bearer token",
          "duration": 3.9849999999996726,
          "failureMessages": [],
          "meta": {},
          "tags": []
        },
        {
          "ancestorTitles": [
            "Prometheus Metrics Engine & Middleware (FC 001n)",
            "Metrics Route Security & Authorization (C-N2)"
          ],
          "fullName": "Prometheus Metrics Engine & Middleware (FC 001n) Metrics Route Security & Authorization (C-N2) should fail-closed in production when METRICS_BEARER_TOKEN is not configured (A02)",
          "status": "passed",
          "title": "should fail-closed in production when METRICS_BEARER_TOKEN is not configured (A02)",
          "duration": 0.4106000000001586,
          "failureMessages": [],
          "meta": {},
          "tags": []
        },
        {
          "ancestorTitles": [
            "Prometheus Metrics Engine & Middleware (FC 001n)",
            "Metrics Route Security & Authorization (C-N2)"
          ],
          "fullName": "Prometheus Metrics Engine & Middleware (FC 001n) Metrics Route Security & Authorization (C-N2) should authorize request if user has ADMIN role",
          "status": "passed",
          "title": "should authorize request if user has ADMIN role",
          "duration": 0.21039999999993597,
          "failureMessages": [],
          "meta": {},
          "tags": []
        },
        {
          "ancestorTitles": [
            "Prometheus Metrics Engine & Middleware (FC 001n)",
            "Metrics Route Security & Authorization (C-N2)"
          ],
          "fullName": "Prometheus Metrics Engine & Middleware (FC 001n) Metrics Route Security & Authorization (C-N2) should reject request if user role is CLIENT without valid Bearer token",
          "status": "passed",
          "title": "should reject request if user role is CLIENT without valid Bearer token",
          "duration": 0.14649999999983265,
          "failureMessages": [],
          "meta": {},
          "tags": []
        }
      ],
      "startTime": 1786470286804,
      "endTime": 1786470286854.2104,
      "status": "passed",
      "message": "",
      "name": "C:/Users/felip/OneDrive/Documentos/felipe/03_Desarrollo_Web/dreamtek.tech/src/__tests__/metrics/metrics.test.ts"
    },
    {
      "assertionResults": [
        {
          "ancestorTitles": ["Contact Component"],
          "fullName": "Contact Component se debe renderizar el formulario con todos los campos requeridos",
          "status": "passed",
          "title": "se debe renderizar el formulario con todos los campos requeridos",
          "duration": 60.68540000000007,
          "failureMessages": [],
          "meta": {},
          "tags": []
        },
        {
          "ancestorTitles": ["Contact Component"],
          "fullName": "Contact Component debe seleccionar automáticamente un servicio al recibir el evento \"select-service\"",
          "status": "passed",
          "title": "debe seleccionar automáticamente un servicio al recibir el evento \"select-service\"",
          "duration": 155.09899999999993,
          "failureMessages": [],
          "meta": {},
          "tags": []
        },
        {
          "ancestorTitles": ["Contact Component"],
          "fullName": "Contact Component debe procesar el flujo completo exitoso de 2FA y envío de formulario",
          "status": "passed",
          "title": "debe procesar el flujo completo exitoso de 2FA y envío de formulario",
          "duration": 129.23970000000008,
          "failureMessages": [],
          "meta": {},
          "tags": []
        },
        {
          "ancestorTitles": ["Contact Component"],
          "fullName": "Contact Component debe mostrar un mensaje de error si el envío del código inicial falla",
          "status": "passed",
          "title": "debe mostrar un mensaje de error si el envío del código inicial falla",
          "duration": 47.08620000000019,
          "failureMessages": [],
          "meta": {},
          "tags": []
        },
        {
          "ancestorTitles": ["Contact Component"],
          "fullName": "Contact Component debe mostrar error de red cuando el envío de código genera una excepción fetch",
          "status": "passed",
          "title": "debe mostrar error de red cuando el envío de código genera una excepción fetch",
          "duration": 46.43220000000019,
          "failureMessages": [],
          "meta": {},
          "tags": []
        },
        {
          "ancestorTitles": ["Contact Component"],
          "fullName": "Contact Component debe mostrar un mensaje de error si el código de 2FA es incorrecto o falla en la verificación",
          "status": "passed",
          "title": "debe mostrar un mensaje de error si el código de 2FA es incorrecto o falla en la verificación",
          "duration": 81.39470000000028,
          "failureMessages": [],
          "meta": {},
          "tags": []
        },
        {
          "ancestorTitles": ["Contact Component"],
          "fullName": "Contact Component debe procesar el reenvío de código (handleResend) con éxito y con error de red",
          "status": "passed",
          "title": "debe procesar el reenvío de código (handleResend) con éxito y con error de red",
          "duration": 86.24099999999999,
          "failureMessages": [],
          "meta": {},
          "tags": []
        }
      ],
      "startTime": 1786470225654,
      "endTime": 1786470226260.241,
      "status": "passed",
      "message": "",
      "name": "C:/Users/felip/OneDrive/Documentos/felipe/03_Desarrollo_Web/dreamtek.tech/src/__tests__/sections/Contact.test.tsx"
    },
    {
      "assertionResults": [
        {
          "ancestorTitles": ["Differential Component"],
          "fullName": "Differential Component debe renderizar el título y los elementos diferenciales requeridos",
          "status": "passed",
          "title": "debe renderizar el título y los elementos diferenciales requeridos",
          "duration": 82.80280000000039,
          "failureMessages": [],
          "meta": {},
          "tags": []
        }
      ],
      "startTime": 1786470275344,
      "endTime": 1786470275426.8027,
      "status": "passed",
      "message": "",
      "name": "C:/Users/felip/OneDrive/Documentos/felipe/03_Desarrollo_Web/dreamtek.tech/src/__tests__/sections/Differential.test.tsx"
    },
    {
      "assertionResults": [
        {
          "ancestorTitles": ["Hero Component"],
          "fullName": "Hero Component debe renderizar el canvas de fondo espacial y el titulo principal",
          "status": "passed",
          "title": "debe renderizar el canvas de fondo espacial y el titulo principal",
          "duration": 250.2270999999996,
          "failureMessages": [],
          "meta": {},
          "tags": []
        },
        {
          "ancestorTitles": ["Hero Component"],
          "fullName": "Hero Component debe renderizar los botones de accion (CTAs) requeridos",
          "status": "passed",
          "title": "debe renderizar los botones de accion (CTAs) requeridos",
          "duration": 40.589500000000044,
          "failureMessages": [],
          "meta": {},
          "tags": []
        }
      ],
      "startTime": 1786470256082,
      "endTime": 1786470256373.5896,
      "status": "passed",
      "message": "",
      "name": "C:/Users/felip/OneDrive/Documentos/felipe/03_Desarrollo_Web/dreamtek.tech/src/__tests__/sections/Hero.test.tsx"
    },
    {
      "assertionResults": [
        {
          "ancestorTitles": ["Products Component with Onboarding Wizard"],
          "fullName": "Products Component with Onboarding Wizard se debe renderizar la seccion de productos y mostrar los planes primarios",
          "status": "passed",
          "title": "se debe renderizar la seccion de productos y mostrar los planes primarios",
          "duration": 84.97040000000015,
          "failureMessages": [],
          "meta": {},
          "tags": []
        },
        {
          "ancestorTitles": ["Products Component with Onboarding Wizard"],
          "fullName": "Products Component with Onboarding Wizard debe abrir el Modal Informativo al hacer clic en \"Ver Alcance y Detalles\" y pasar al Onboarding Wizard al pulsar el CTA",
          "status": "passed",
          "title": "debe abrir el Modal Informativo al hacer clic en \"Ver Alcance y Detalles\" y pasar al Onboarding Wizard al pulsar el CTA",
          "duration": 339.80880000000025,
          "failureMessages": [],
          "meta": {},
          "tags": []
        },
        {
          "ancestorTitles": ["Products Component with Onboarding Wizard"],
          "fullName": "Products Component with Onboarding Wizard debe cerrar el modal al hacer clic en el backdrop de fondo",
          "status": "passed",
          "title": "debe cerrar el modal al hacer clic en el backdrop de fondo",
          "duration": 70.67189999999982,
          "failureMessages": [],
          "meta": {},
          "tags": []
        }
      ],
      "startTime": 1786470223141,
      "endTime": 1786470223636.6719,
      "status": "passed",
      "message": "",
      "name": "C:/Users/felip/OneDrive/Documentos/felipe/03_Desarrollo_Web/dreamtek.tech/src/__tests__/sections/Products.test.tsx"
    },
    {
      "assertionResults": [
        {
          "ancestorTitles": ["Products Billing Toggle (TDD)"],
          "fullName": "Products Billing Toggle (TDD) debe renderizar el toggle de ciclo de facturacion mensual/anual",
          "status": "passed",
          "title": "debe renderizar el toggle de ciclo de facturacion mensual/anual",
          "duration": 203.42020000000002,
          "failureMessages": [],
          "meta": {},
          "tags": []
        },
        {
          "ancestorTitles": ["Products Billing Toggle (TDD)"],
          "fullName": "Products Billing Toggle (TDD) debe mostrar los precios mensuales por defecto",
          "status": "passed",
          "title": "debe mostrar los precios mensuales por defecto",
          "duration": 25.896600000000035,
          "failureMessages": [],
          "meta": {},
          "tags": []
        },
        {
          "ancestorTitles": ["Products Billing Toggle (TDD)"],
          "fullName": "Products Billing Toggle (TDD) debe aplicar descuento del 10% e indicar cobro anual al activar el toggle",
          "status": "passed",
          "title": "debe aplicar descuento del 10% e indicar cobro anual al activar el toggle",
          "duration": 54.277700000000095,
          "failureMessages": [],
          "meta": {},
          "tags": []
        },
        {
          "ancestorTitles": ["Products Billing Toggle (TDD)"],
          "fullName": "Products Billing Toggle (TDD) debe retornar a precios mensuales al desactivar el toggle",
          "status": "passed",
          "title": "debe retornar a precios mensuales al desactivar el toggle",
          "duration": 50.447200000000066,
          "failureMessages": [],
          "meta": {},
          "tags": []
        }
      ],
      "startTime": 1786470241746,
      "endTime": 1786470242080.4473,
      "status": "passed",
      "message": "",
      "name": "C:/Users/felip/OneDrive/Documentos/felipe/03_Desarrollo_Web/dreamtek.tech/src/__tests__/sections/ProductsBilling.test.tsx"
    },
    {
      "assertionResults": [
        {
[...]
            { "start": { "line": 104, "column": 34 }, "end": { "line": 104, "column": 70 } }
          ],
          "line": 104
        }
      },
      "s": {
        "0": 3,
        "1": 2,
        "2": 2,
        "3": 2,
        "4": 1,
        "5": 1,
        "6": 3,
        "7": 3,
        "8": 3,
        "9": 2,
        "10": 1,
        "11": 2,
        "12": 2,
        "13": 2,
        "14": 1,
        "15": 1,
        "16": 3,
        "17": 3,
        "18": 3,
        "19": 2,
        "20": 1
      },
      "f": { "0": 2, "1": 3, "2": 2, "3": 3 },
      "b": {
        "0": [3, 3],
        "1": [1, 1],
        "2": [1, 1],
        "3": [2, 1],
        "4": [2, 1],
        "5": [1, 1],
        "6": [1, 1],
        "7": [2, 1],
        "8": [2, 1]
      },
      "meta": {
        "lastBranch": 9,
        "lastFunction": 4,
        "lastStatement": 21,
        "seen": {
          "s:26:17:26:Infinity": 0,
          "b:26:17:26:57:26:57:26:Infinity": 0,
          "f:31:22:31:35": 0,
          "s:32:19:39:4": 1,
          "s:41:15:41:36": 2,
          "b:42:2:43:Infinity:undefined:undefined:undefined:undefined": 1,
          "s:42:2:43:Infinity": 3,
          "s:43:4:43:Infinity": 4,
          "b:43:20:43:34:43:34:43:67": 2,
          "s:46:2:46:Infinity": 5,
          "f:52:22:52:32": 1,
          "s:53:19:60:4": 6,
          "s:62:15:62:36": 7,
          "b:63:2:64:Infinity:undefined:undefined:undefined:undefined": 3,
          "s:63:2:64:Infinity": 8,
          "s:64:4:64:Infinity": 9,
          "b:64:20:64:34:64:34:64:88": 4,
          "s:67:2:67:Infinity": 10,
          "f:73:22:73:58": 2,
          "s:74:19:80:4": 11,
          "s:82:15:82:36": 12,
          "b:83:2:84:Infinity:undefined:undefined:undefined:undefined": 5,
          "s:83:2:84:Infinity": 13,
          "s:84:4:84:Infinity": 14,
          "b:84:20:84:34:84:34:84:63": 6,
          "s:87:2:87:Infinity": 15,
          "f:93:22:93:62": 3,
          "s:94:19:100:4": 16,
          "s:102:15:102:36": 17,
          "b:103:2:104:Infinity:undefined:undefined:undefined:undefined": 7,
          "s:103:2:104:Infinity": 18,
          "s:104:4:104:Infinity": 19,
          "b:104:20:104:34:104:34:104:70": 8,
          "s:107:2:107:Infinity": 20
        },
        "fnNames": {}
      }
    },
    "C:\\Users\\felip\\OneDrive\\Documentos\\felipe\\03_Desarrollo_Web\\dreamtek.tech\\src\\lib\\events\\useSSE.ts": {
      "path": "C:\\Users\\felip\\OneDrive\\Documentos\\felipe\\03_Desarrollo_Web\\dreamtek.tech\\src\\lib\\events\\useSSE.ts",
      "statementMap": {
        "0": { "start": { "line": 13, "column": 53 }, "end": { "line": 13, "column": null } },
        "1": { "start": { "line": 14, "column": 26 }, "end": { "line": 14, "column": 83 } },
        "2": { "start": { "line": 15, "column": 20 }, "end": { "line": 15, "column": 66 } },
        "3": { "start": { "line": 17, "column": 2 }, "end": { "line": 47, "column": null } },
        "4": { "start": { "line": 18, "column": 4 }, "end": { "line": 18, "column": null } },
        "5": { "start": { "line": 18, "column": 51 }, "end": { "line": 18, "column": null } },
        "6": { "start": { "line": 20, "column": 24 }, "end": { "line": 20, "column": 71 } },
        "7": { "start": { "line": 22, "column": 4 }, "end": { "line": 23, "column": null } },
        "8": { "start": { "line": 23, "column": 6 }, "end": { "line": 23, "column": null } },
        "9": { "start": { "line": 26, "column": 4 }, "end": { "line": 31, "column": null } },
        "10": { "start": { "line": 27, "column": 6 }, "end": { "line": 31, "column": null } },
        "11": { "start": { "line": 28, "column": 23 }, "end": { "line": 28, "column": 45 } },
        "12": { "start": { "line": 29, "column": 8 }, "end": { "line": 29, "column": null } },
        "13": { "start": { "line": 31, "column": 8 }, "end": { "line": 31, "column": null } },
        "14": { "start": { "line": 35, "column": 4 }, "end": { "line": 39, "column": null } },
        "15": { "start": { "line": 36, "column": 6 }, "end": { "line": 36, "column": null } },
        "16": { "start": { "line": 37, "column": 6 }, "end": { "line": 37, "column": null } },
        "17": { "start": { "line": 38, "column": 6 }, "end": { "line": 39, "column": null } },
        "18": { "start": { "line": 39, "column": 8 }, "end": { "line": 39, "column": null } },
        "19": { "start": { "line": 43, "column": 4 }, "end": { "line": 45, "column": null } },
        "20": { "start": { "line": 44, "column": 6 }, "end": { "line": 44, "column": null } },
        "21": { "start": { "line": 45, "column": 6 }, "end": { "line": 45, "column": null } },
        "22": { "start": { "line": 49, "column": 2 }, "end": { "line": 53, "column": null } }
      },
      "fnMap": {
        "0": {
          "name": "useSSE",
          "decl": { "start": { "line": 12, "column": 16 }, "end": { "line": 12, "column": 23 } },
          "loc": { "start": { "line": 12, "column": 49 }, "end": { "line": 53, "column": null } },
          "line": 12
        },
        "1": {
          "name": "(anonymous_1)",
          "decl": { "start": { "line": 17, "column": 2 }, "end": { "line": 17, "column": 18 } },
          "loc": { "start": { "line": 17, "column": 18 }, "end": { "line": 47, "column": 6 } },
          "line": 17
        },
        "2": {
          "name": "(anonymous_2)",
          "decl": { "start": { "line": 22, "column": 16 }, "end": { "line": 22, "column": 31 } },
          "loc": { "start": { "line": 22, "column": 31 }, "end": { "line": 23, "column": null } },
          "line": 22
        },
        "3": {
          "name": "(anonymous_3)",
          "decl": { "start": { "line": 26, "column": 16 }, "end": { "line": 26, "column": 29 } },
          "loc": { "start": { "line": 26, "column": 39 }, "end": { "line": 31, "column": null } },
          "line": 26
        },
        "4": {
          "name": "(anonymous_4)",
          "decl": { "start": { "line": 35, "column": 16 }, "end": { "line": 35, "column": 27 } },
          "loc": { "start": { "line": 35, "column": 35 }, "end": { "line": 39, "column": null } },
          "line": 35
        },
        "5": {
          "name": "(anonymous_5)",
          "decl": { "start": { "line": 43, "column": 4 }, "end": { "line": 43, "column": 17 } },
          "loc": { "start": { "line": 43, "column": 17 }, "end": { "line": 45, "column": null } },
          "line": 43
        }
      },
      "branchMap": {
        "0": {
          "loc": { "start": { "line": 12, "column": 23 }, "end": { "line": 12, "column": 47 } },
          "type": "default-arg",
          "locations": [
            { "start": { "line": 12, "column": 45 }, "end": { "line": 12, "column": 47 } }
          ],
          "line": 12
        },
        "1": {
          "loc": { "start": { "line": 13, "column": 10 }, "end": { "line": 13, "column": 34 } },
          "type": "default-arg",
          "locations": [
            { "start": { "line": 13, "column": 16 }, "end": { "line": 13, "column": 34 } }
          ],
          "line": 13
        },
        "2": {
          "loc": { "start": { "line": 13, "column": 34 }, "end": { "line": 13, "column": 53 } },
          "type": "default-arg",
          "locations": [
            { "start": { "line": 13, "column": 44 }, "end": { "line": 13, "column": 53 } }
          ],
          "line": 13
        },
        "3": {
          "loc": { "start": { "line": 18, "column": 4 }, "end": { "line": 18, "column": null } },
          "type": "if",
          "locations": [
            { "start": { "line": 18, "column": 4 }, "end": { "line": 18, "column": null } },
            { "start": {}, "end": {} }
          ],
          "line": 18
        },
        "4": {
          "loc": { "start": { "line": 18, "column": 8 }, "end": { "line": 18, "column": 51 } },
          "type": "binary-expr",
          "locations": [
            { "start": { "line": 18, "column": 8 }, "end": { "line": 18, "column": 20 } },
            { "start": { "line": 18, "column": 20 }, "end": { "line": 18, "column": 51 } }
          ],
          "line": 18
        },
        "5": {
          "loc": { "start": { "line": 38, "column": 6 }, "end": { "line": 39, "column": null } },
          "type": "if",
          "locations": [
            { "start": { "line": 38, "column": 6 }, "end": { "line": 39, "column": null } },
            { "start": {}, "end": {} }
          ],
          "line": 38
        }
      },
      "s": {
        "0": 12,
        "1": 12,
        "2": 12,
        "3": 12,
        "4": 9,
        "5": 1,
        "6": 8,
        "7": 8,
        "8": 1,
        "9": 8,
        "10": 2,
        "11": 2,
        "12": 2,
        "13": 1,
        "14": 8,
        "15": 1,
        "16": 1,
        "17": 1,
        "18": 1,
        "19": 8,
        "20": 8,
        "21": 8,
        "22": 12
      },
      "f": { "0": 12, "1": 9, "2": 1, "3": 2, "4": 1, "5": 8 },
      "b": { "0": [12], "1": [12], "2": [12], "3": [1, 8], "4": [9, 8], "5": [1, 0] },
      "meta": {
        "lastBranch": 6,
        "lastFunction": 6,
        "lastStatement": 23,
        "seen": {
          "f:12:16:12:23": 0,
          "b:12:45:12:47": 0,
          "s:13:53:13:Infinity": 0,
          "b:13:16:13:34": 1,
          "b:13:44:13:53": 2,
          "s:14:26:14:83": 1,
          "s:15:20:15:66": 2,
          "s:17:2:47:Infinity": 3,
          "f:17:2:17:18": 1,
          "b:18:4:18:Infinity:undefined:undefined:undefined:undefined": 3,
          "s:18:4:18:Infinity": 4,
          "b:18:8:18:20:18:20:18:51": 4,
          "s:18:51:18:Infinity": 5,
          "s:20:24:20:71": 6,
          "s:22:4:23:Infinity": 7,
          "f:22:16:22:31": 2,
          "s:23:6:23:Infinity": 8,
          "s:26:4:31:Infinity": 9,
          "f:26:16:26:29": 3,
          "s:27:6:31:Infinity": 10,
          "s:28:23:28:45": 11,
          "s:29:8:29:Infinity": 12,
          "s:31:8:31:Infinity": 13,
          "s:35:4:39:Infinity": 14,
          "f:35:16:35:27": 4,
          "s:36:6:36:Infinity": 15,
          "s:37:6:37:Infinity": 16,
          "b:38:6:39:Infinity:undefined:undefined:undefined:undefined": 5,
          "s:38:6:39:Infinity": 17,
          "s:39:8:39:Infinity": 18,
          "s:43:4:45:Infinity": 19,
          "f:43:4:43:17": 5,
          "s:44:6:44:Infinity": 20,
          "s:45:6:45:Infinity": 21,
          "s:49:2:53:Infinity": 22
        },
        "fnNames": {}
      }
    },
    "C:\\Users\\felip\\OneDrive\\Documentos\\felipe\\03_Desarrollo_Web\\dreamtek.tech\\src\\lib\\onboarding\\client.ts": {
      "path": "C:\\Users\\felip\\OneDrive\\Documentos\\felipe\\03_Desarrollo_Web\\dreamtek.tech\\src\\lib\\onboarding\\client.ts",
      "statementMap": {
        "0": { "start": { "line": 6, "column": 17 }, "end": { "line": 6, "column": null } },
        "1": { "start": { "line": 63, "column": 19 }, "end": { "line": 68, "column": 4 } },
        "2": { "start": { "line": 70, "column": 15 }, "end": { "line": 70, "column": 36 } },
        "3": { "start": { "line": 71, "column": 2 }, "end": { "line": 72, "column": null } },
        "4": { "start": { "line": 72, "column": 4 }, "end": { "line": 72, "column": null } },
        "5": { "start": { "line": 75, "column": 2 }, "end": { "line": 75, "column": null } },
        "6": { "start": { "line": 82, "column": 19 }, "end": { "line": 87, "column": 4 } },
        "7": { "start": { "line": 89, "column": 15 }, "end": { "line": 89, "column": 36 } },
        "8": { "start": { "line": 90, "column": 2 }, "end": { "line": 91, "column": null } },
        "9": { "start": { "line": 91, "column": 4 }, "end": { "line": 91, "column": null } },
        "10": { "start": { "line": 94, "column": 2 }, "end": { "line": 94, "column": null } },
        "11": { "start": { "line": 103, "column": 19 }, "end": { "line": 108, "column": 4 } },
        "12": { "start": { "line": 110, "column": 15 }, "end": { "line": 110, "column": 36 } },
        "13": { "start": { "line": 111, "column": 2 }, "end": { "line": 112, "column": null } },
        "14": { "start": { "line": 112, "column": 4 }, "end": { "line": 112, "column": null } },
        "15": { "start": { "line": 115, "column": 2 }, "end": { "line": 115, "column": null } },
        "16": { "start": { "line": 122, "column": 19 }, "end": { "line": 128, "column": null } },
        "17": { "start": { "line": 131, "column": 15 }, "end": { "line": 131, "column": 36 } },
        "18": { "start": { "line": 132, "column": 2 }, "end": { "line": 133, "column": null } },
        "19": { "start": { "line": 133, "column": 4 }, "end": { "line": 133, "column": null } },
        "20": { "start": { "line": 136, "column": 2 }, "end": { "line": 136, "column": null } }
      },
      "fnMap": {
        "0": {
          "name": "submitLead",
          "decl": { "start": { "line": 60, "column": 22 }, "end": { "line": 60, "column": null } },
          "loc": { "start": { "line": 62, "column": 49 }, "end": { "line": 75, "column": null } },
          "line": 62
        },
        "1": {
          "name": "checkDomainAvailability",
          "decl": { "start": { "line": 81, "column": 22 }, "end": { "line": 81, "column": 46 } },
          "loc": { "start": { "line": 81, "column": 92 }, "end": { "line": 94, "column": null } },
          "line": 81
        },
        "2": {
          "name": "createCheckoutSession",
          "decl": {
            "start": { "line": 100, "column": 22 },
            "end": { "line": 100, "column": null }
          },
          "loc": { "start": { "line": 102, "column": 36 }, "end": { "line": 115, "column": null } },
          "line": 102
        },
        "3": {
          "name": "verifyCheckoutSuccess",
          "decl": { "start": { "line": 121, "column": 22 }, "end": { "line": 121, "column": 44 } },
          "loc": { "start": { "line": 121, "column": 95 }, "end": { "line": 136, "column": null } },
          "line": 121
        }
      },
      "branchMap": {
        "0": {
          "loc": { "start": { "line": 6, "column": 17 }, "end": { "line": 6, "column": null } },
          "type": "binary-expr",
          "locations": [
            { "start": { "line": 6, "column": 17 }, "end": { "line": 6, "column": 57 } },
            { "start": { "line": 6, "column": 57 }, "end": { "line": 6, "column": null } }
          ],
          "line": 6
        },
        "1": {
          "loc": { "start": { "line": 71, "column": 2 }, "end": { "line": 72, "column": null } },
          "type": "if",
          "locations": [
            { "start": { "line": 71, "column": 2 }, "end": { "line": 72, "column": null } },
            { "start": {}, "end": {} }
          ],
          "line": 71
        },
        "2": {
          "loc": { "start": { "line": 72, "column": 20 }, "end": { "line": 72, "column": 97 } },
          "type": "binary-expr",
          "locations": [
            { "start": { "line": 72, "column": 20 }, "end": { "line": 72, "column": 34 } },
            { "start": { "line": 72, "column": 34 }, "end": { "line": 72, "column": 50 } },
            { "start": { "line": 72, "column": 50 }, "end": { "line": 72, "column": 97 } }
          ],
          "line": 72
        },
        "3": {
          "loc": { "start": { "line": 90, "column": 2 }, "end": { "line": 91, "column": null } },
          "type": "if",
          "locations": [
            { "start": { "line": 90, "column": 2 }, "end": { "line": 91, "column": null } },
            { "start": {}, "end": {} }
          ],
          "line": 90
        },
        "4": {
          "loc": { "start": { "line": 91, "column": 20 }, "end": { "line": 91, "column": 97 } },
          "type": "binary-expr",
          "locations": [
            { "start": { "line": 91, "column": 20 }, "end": { "line": 91, "column": 34 } },
            { "start": { "line": 91, "column": 34 }, "end": { "line": 91, "column": 50 } },
            { "start": { "line": 91, "column": 50 }, "end": { "line": 91, "column": 97 } }
          ],
          "line": 91
        },
        "5": {
          "loc": { "start": { "line": 111, "column": 2 }, "end": { "line": 112, "column": null } },
          "type": "if",
          "locations": [
            { "start": { "line": 111, "column": 2 }, "end": { "line": 112, "column": null } },
            { "start": {}, "end": {} }
          ],
          "line": 111
        },
        "6": {
          "loc": { "start": { "line": 112, "column": 20 }, "end": { "line": 112, "column": 88 } },
          "type": "binary-expr",
          "locations": [
            { "start": { "line": 112, "column": 20 }, "end": { "line": 112, "column": 34 } },
            { "start": { "line": 112, "column": 34 }, "end": { "line": 112, "column": 50 } },
            { "start": { "line": 112, "column": 50 }, "end": { "line": 112, "column": 88 } }
          ],
          "line": 112
        },
        "7": {
          "loc": { "start": { "line": 132, "column": 2 }, "end": { "line": 133, "column": null } },
          "type": "if",
          "locations": [
            { "start": { "line": 132, "column": 2 }, "end": { "line": 133, "column": null } },
            { "start": {}, "end": {} }
          ],
          "line": 132
        },
        "8": {
          "loc": { "start": { "line": 133, "column": 20 }, "end": { "line": 133, "column": 91 } },
          "type": "binary-expr",
          "locations": [
            { "start": { "line": 133, "column": 20 }, "end": { "line": 133, "column": 34 } },
            { "start": { "line": 133, "column": 34 }, "end": { "line": 133, "column": 50 } },
            { "start": { "line": 133, "column": 50 }, "end": { "line": 133, "column": 91 } }
          ],
          "line": 133
        }
      },
      "s": {
        "0": 4,
        "1": 3,
        "2": 3,
        "3": 3,
        "4": 2,
        "5": 1,
        "6": 3,
        "7": 3,
        "8": 3,
        "9": 2,
        "10": 1,
        "11": 3,
        "12": 3,
        "13": 3,
        "14": 2,
        "15": 1,
        "16": 3,
        "17": 3,
        "18": 3,
        "19": 2,
        "20": 1
      },
      "f": { "0": 3, "1": 3, "2": 3, "3": 3 },
      "b": {
        "0": [4, 4],
        "1": [2, 1],
        "2": [2, 1, 1],
        "3": [2, 1],
        "4": [2, 2, 1],
        "5": [2, 1],
        "6": [2, 1, 1],
        "7": [2, 1],
        "8": [2, 2, 1]
      },
      "meta": {
        "lastBranch": 9,
        "lastFunction": 4,
        "lastStatement": 21,
        "seen": {
          "s:6:17:6:Infinity": 0,
          "b:6:17:6:57:6:57:6:Infinity": 0,
          "f:60:22:60:Infinity": 0,
          "s:63:19:68:4": 1,
          "s:70:15:70:36": 2,
          "b:71:2:72:Infinity:undefined:undefined:undefined:undefined": 1,
          "s:71:2:72:Infinity": 3,
          "s:72:4:72:Infinity": 4,
          "b:72:20:72:34:72:34:72:50:72:50:72:97": 2,
          "s:75:2:75:Infinity": 5,
          "f:81:22:81:46": 1,
          "s:82:19:87:4": 6,
          "s:89:15:89:36": 7,
          "b:90:2:91:Infinity:undefined:undefined:undefined:undefined": 3,
          "s:90:2:91:Infinity": 8,
          "s:91:4:91:Infinity": 9,
          "b:91:20:91:34:91:34:91:50:91:50:91:97": 4,
          "s:94:2:94:Infinity": 10,
          "f:100:22:100:Infinity": 2,
          "s:103:19:108:4": 11,
          "s:110:15:110:36": 12,
          "b:111:2:112:Infinity:undefined:undefined:undefined:undefined": 5,
          "s:111:2:112:Infinity": 13,
          "s:112:4:112:Infinity": 14,
          "b:112:20:112:34:112:34:112:50:112:50:112:88": 6,
          "s:115:2:115:Infinity": 15,
          "f:121:22:121:44": 3,
          "s:122:19:128:Infinity": 16,
          "s:131:15:131:36": 17,
          "b:132:2:133:Infinity:undefined:undefined:undefined:undefined": 7,
          "s:132:2:133:Infinity": 18,
          "s:133:4:133:Infinity": 19,
          "b:133:20:133:34:133:34:133:50:133:50:133:91": 8,
          "s:136:2:136:Infinity": 20
        },
        "fnNames": {}
      }
    }
  }
}
